c:\users\ths80520\desktop\gameswitch_13_sound\binaries\nx32\nx_debug\gameswitch.nspd_root
c:\users\ths80520\desktop\gameswitch_13_sound\objects\nx32\nx_debug\ball.o
c:\users\ths80520\desktop\gameswitch_13_sound\objects\nx32\nx_debug\bg.o
c:\users\ths80520\desktop\gameswitch_13_sound\objects\nx32\nx_debug\collision.o
c:\users\ths80520\desktop\gameswitch_13_sound\objects\nx32\nx_debug\controller.o
c:\users\ths80520\desktop\gameswitch_13_sound\objects\nx32\nx_debug\explosion.o
c:\users\ths80520\desktop\gameswitch_13_sound\objects\nx32\nx_debug\fade.o
c:\users\ths80520\desktop\gameswitch_13_sound\objects\nx32\nx_debug\graphicshelper.nx.o
c:\users\ths80520\desktop\gameswitch_13_sound\objects\nx32\nx_debug\player.o
c:\users\ths80520\desktop\gameswitch_13_sound\objects\nx32\nx_debug\result.o
c:\users\ths80520\desktop\gameswitch_13_sound\objects\nx32\nx_debug\score.o
c:\users\ths80520\desktop\gameswitch_13_sound\objects\nx32\nx_debug\sprite.o
c:\users\ths80520\desktop\gameswitch_13_sound\objects\nx32\nx_debug\system.o
c:\users\ths80520\desktop\gameswitch_13_sound\objects\nx32\nx_debug\texture.o
c:\users\ths80520\desktop\gameswitch_13_sound\objects\nx32\nx_debug\block.o
c:\users\ths80520\desktop\gameswitch_13_sound\objects\nx32\nx_debug\main.o
c:\users\ths80520\desktop\gameswitch_13_sound\objects\nx32\nx_debug\title.o
c:\users\ths80520\desktop\gameswitch_13_sound\objects\nx32\nx_debug\sound.o
c:/users/ths80520/desktop/gameswitch_13_sound/binaries/nx32/nx_debug/gameswitch.npdm
c:/users/ths80520/desktop/gameswitch_13_sound/binaries/nx32/nx_debug/gameswitch.nso
c:\users\ths80520\desktop\gameswitch_13_sound\binaries\nx32\nx_debug\gameswitch.nso
c:\users\ths80520\desktop\gameswitch_13_sound\binaries\nx32\nx_debug\gameswitch.nss
